<?xml version="1.0" encoding="UTF-8"?>
<!-- Generated by org.testng.reporters.JUnitReportReporter -->
<testsuite hostname="sanketlaptop-Latitude-3520" failures="0" tests="3" name="Files.DynamicJson" time="2.485" errors="0" timestamp="2023-03-19T13:22:07 IST" skipped="0">
  <testcase classname="Files.DynamicJson" name="addBook" time="1.952"/>
  <system-out/>
  <testcase classname="Files.DynamicJson" name="addBook" time="0.279"/>
  <system-out/>
  <testcase classname="Files.DynamicJson" name="addBook" time="0.254"/>
  <system-out/>
</testsuite> <!-- Files.DynamicJson -->
