<?xml version="1.0" encoding="UTF-8"?>
<!-- Generated by org.testng.reporters.JUnitReportReporter -->
<testsuite hostname="sanketlaptop-Latitude-3520" failures="0" tests="1" name="SumValidation" time="1.025" errors="0" timestamp="2023-03-16T21:53:53 IST" skipped="0">
  <testcase classname="SumValidation" name="sumOfCourses" time="1.025"/>
  <system-out/>
</testsuite> <!-- SumValidation -->
