<?xml version="1.0" encoding="UTF-8"?>
<!-- Generated by org.testng.reporters.JUnitReportReporter -->
<testsuite hostname="sanketlaptop-Latitude-3520" failures="0" tests="3" name="Files.DynamicJson" time="2.395" errors="0" timestamp="2023-03-17T22:49:27 IST" skipped="0">
  <testcase classname="Files.DynamicJson" name="addBook" time="1.894"/>
  <system-out/>
  <testcase classname="Files.DynamicJson" name="addBook" time="0.242"/>
  <system-out/>
  <testcase classname="Files.DynamicJson" name="addBook" time="0.259"/>
  <system-out/>
</testsuite> <!-- Files.DynamicJson -->
